*
ReFox - Project recovery
Full restoring of project files
- Overwrite METHODS
- Create subfolders
- Create empty .H files
C:\downloads\Thomas Lubbehusen\REIMS.EXE
 FoxProW 2.5+ [dbg] - executable file
 2009.04.04 13:42:10
 CP: 00 .. not marked
 176777 B
 39 included files
C:\downloads\Thomas Lubbehusen\REIMS_split\REIMS.EXE.~.APP  ... ok 
C:\downloads\Thomas Lubbehusen\REIMS_split\REIMS.EXE.~.EXE  ... ok 
C:\downloads\Thomas Lubbehusen\REIMS_split\REIMS.pjx  ... ok 
Split ... 
Scanning ...
=
Processing ... 
AAXTOL.SPX       ...    64 lines,  the file SCX has been created
ASEARCH.SPX      ...   434 lines,  the file SCX has been created
ATOL.FXP         ...    27 lines,  the file PRG has been created in 20 msec
ATOLTF.FXP       ...    52 lines,  the file PRG has been created in 30 msec
AXRNG.FXP        ...    18 lines,  the file PRG has been created in 11 msec
BU.SPX           ...    51 lines,  the file SCX has been created
BUAP.FXP         ...    43 lines,  the file PRG has been created in 20 msec
EXPORT.SPX       ...    61 lines,  the file SCX has been created
GALERT.FXP       ...    14 lines,  the file PRG has been created in 10 msec
INVDEL.SPX       ...   621 lines,  the file SCX has been created
INVRPT.FXP       ...    36 lines,  the file PRG has been created in 20 msec
QTRINC.FXP       ...    39 lines,  the file PRG has been created in 30 msec
RANK.FXP         ...   148 lines,  the file PRG has been created in 51 msec
RDADD.SPX        ...    81 lines,  the file SCX has been created
RDINV.SPX        ...    76 lines,  the file SCX has been created
RDRPT.SPX        ...    72 lines,  the file SCX has been created
RDTRAK.SPX       ...    60 lines,  the file SCX has been created
RECYCLE.SPX      ...   588 lines,  the file SCX has been created
SN.SPX           ...    58 lines,  the file SCX has been created
SPEQ.FXP         ...    21 lines,  the file PRG has been created in 20 msec
SPEQXX.FXP       ...    31 lines,  the file PRG has been created in 20 msec
UDGLRN.FXP       ...   161 lines,  the file PRG has been created in 40 msec
ZAP.SPX          ...    86 lines,  the file SCX has been created
REIMS.MPX        ...   479 lines,  the file MNX has been created
REIMS.FXP        ...    79 lines,  the file PRG has been created in 40 msec
REIMS.SPX        ...   564 lines,  the file SCX has been created
DSPRPT.SPX       ...    74 lines,  the file SCX has been created
INVSUM.FXP       ...    31 lines,  the file PRG has been created in 30 msec
DSPDET.FXP       ...    31 lines,  the file PRG has been created in 30 msec
CPCYL.SPX        ...   114 lines,  the file SCX has been created
INVSUMG.FXP      ...    31 lines,  the file PRG has been created in 10 msec
SERVIEW.FXP      ...    33 lines,  the file PRG has been created in 30 msec
SAVENOFI.FXP     ...    18 lines,  the file PRG has been created in 10 msec
RINVPORF.FXP     ...    28 lines,  the file PRG has been created in 20 msec
LOCATION.SPX     ...    60 lines,  the file SCX has been created
SSKU.FXP         ...     2 lines,  the file PRG has been created in 0 msec
STATS.SPX        ...   199 lines,  the file SCX has been created
MODDEL.SPX       ...   136 lines,  the file SCX has been created
AGEANAL.SPX      ...   119 lines,  the file SCX has been created
.
Checking file ... 
...  ok 
-
Add library:
jkey.fll
*
REIMS.EXE - Full restoring of project files, Operation completed
*
19:58:50
*

***
REIMS.EXE
Full restoring of project files

Operation completed
 
.

